[13:56:08] [main/INFO]: Loading tweak class name optifine.OptiFineTweaker
[13:56:08] [main/INFO]: Using primary tweak class name optifine.OptiFineTweaker
[13:56:08] [main/INFO]: Calling tweak class optifine.OptiFineTweaker
[13:56:08] [main/INFO]: Launching wrapped minecraft {net.minecraft.client.main.Main}
[13:56:08] [main/INFO]: [OptiFine] (Reflector) Field not found: World.tileEntitiesToBeRemoved
[13:56:08] [main/INFO]: [OptiFine] (Reflector) Class not present: net.minecraftforge.eventbus.api.Event$Result
[13:56:08] [main/INFO]: [OptiFine] (Reflector) Method not present: net.minecraftforge.common.extensions.IForgeBlockState.hasTileEntity
[13:56:08] [main/INFO]: [OptiFine] (Reflector) Class not present: net.minecraftforge.common.extensions.IForgeEntity
[13:56:08] [main/INFO]: [OptiFine] (Reflector) Class not present: net.minecraftforge.fml.CrashReportExtender
[13:56:10] [main/INFO]: [OptiFine] (Reflector) Class not present: net.minecraftforge.client.ForgeHooksClient
[13:56:11] [main/INFO]: Environment: authHost='https://authserver.mojang.com', accountsHost='https://api.mojang.com', sessionHost='https://sessionserver.mojang.com', servicesHost='https://api.minecraftservices.com', name='PROD'
[13:56:11] [main/INFO]: Setting user: Sawors
[13:56:11] [main/INFO]: [OptiFine] (Reflector) Class not present: net.minecraftforge.client.settings.KeyConflictContext
[13:56:11] [main/INFO]: [OptiFine] (Reflector) Class not present: net.minecraftforge.client.settings.KeyModifier
[13:56:11] [main/INFO]: Backend library: LWJGL version 3.2.2 build 10
[13:56:12] [main/INFO]: [OptiFine] (Reflector) Class not present: net.minecraftforge.fml.loading.progress.EarlyProgressVisualization
[13:56:12] [main/INFO]: [OptiFine] 
[13:56:12] [main/INFO]: [OptiFine] OptiFine_1.16.4_HD_U_G5
[13:56:12] [main/INFO]: [OptiFine] Build: 20201106-171901
[13:56:12] [main/INFO]: [OptiFine] OS: Windows 10 (amd64) version 10.0
[13:56:12] [main/INFO]: [OptiFine] Java: 1.8.0_51, Oracle Corporation
[13:56:12] [main/INFO]: [OptiFine] VM: Java HotSpot(TM) 64-Bit Server VM (mixed mode), Oracle Corporation
[13:56:12] [main/INFO]: [OptiFine] LWJGL: 3.3.0 Win32 WGL EGL OSMesa VisualC DLL
[13:56:12] [main/INFO]: [OptiFine] OpenGL: GeForce RTX 2070 SUPER/PCIe/SSE2, version 4.6.0 NVIDIA 457.09, NVIDIA Corporation
[13:56:12] [main/INFO]: [OptiFine] OpenGL Version: 4.6.0
[13:56:12] [main/INFO]: [OptiFine] Maximum texture size: 32768x32768
[13:56:12] [main/INFO]: [Shaders] OpenGL Version: 4.6.0 NVIDIA 457.09
[13:56:12] [main/INFO]: [Shaders] Vendor:  NVIDIA Corporation
[13:56:12] [main/INFO]: [Shaders] Renderer: GeForce RTX 2070 SUPER/PCIe/SSE2
[13:56:12] [main/INFO]: [Shaders] Capabilities:  2.0  2.1  3.0  3.2  4.0 
[13:56:12] [main/INFO]: [Shaders] GL_MAX_DRAW_BUFFERS: 8
[13:56:12] [main/INFO]: [Shaders] GL_MAX_COLOR_ATTACHMENTS_EXT: 8
[13:56:12] [main/INFO]: [Shaders] GL_MAX_TEXTURE_IMAGE_UNITS: 32
[13:56:12] [main/INFO]: [Shaders] Load shaders configuration.
[13:56:12] [main/INFO]: [Shaders] Loaded shaderpack: Sildurs Vibrant Shaders v1.164 Extreme.zip
[13:56:12] [main/INFO]: [OptiFine] [Shaders] Worlds: -1, 1
[13:56:12] [main/WARN]: [OptiFine] Ambiguous shader option: SHADOW_MAP_BIAS
[13:56:12] [main/WARN]: [OptiFine]  - in shadow.vsh: 0.80
[13:56:12] [main/WARN]: [OptiFine]  - in gbuffers_textured.fsh: 0.8
[13:56:12] [main/WARN]: [OptiFine] Ambiguous shader option: SHADOW_MAP_BIAS
[13:56:12] [main/WARN]: [OptiFine]  - in shadow.vsh, gbuffers_textured.fsh, gbuffers_block.fsh, gbuffers_water.fsh: 0.80
[13:56:12] [main/WARN]: [OptiFine]  - in composite.fsh: 0.8
[13:56:12] [main/WARN]: [OptiFine] Ambiguous shader option: SHADOW_MAP_BIAS
[13:56:12] [main/WARN]: [OptiFine]  - in shadow.vsh, gbuffers_textured.fsh, gbuffers_block.fsh, gbuffers_water.fsh, composite.fsh, world-1/shadow.vsh: 0.80
[13:56:12] [main/WARN]: [OptiFine]  - in world-1/gbuffers_textured.fsh: 0.8
[13:56:12] [main/WARN]: [OptiFine] Ambiguous shader option: SHADOW_MAP_BIAS
[13:56:12] [main/WARN]: [OptiFine]  - in shadow.vsh, gbuffers_textured.fsh, gbuffers_block.fsh, gbuffers_water.fsh, composite.fsh, world-1/shadow.vsh, world-1/gbuffers_textured.fsh, world-1/gbuffers_block.fsh: 0.80
[13:56:12] [main/WARN]: [OptiFine]  - in world-1/gbuffers_water.fsh: 0.8
[13:56:12] [main/INFO]: [OptiFine] (Reflector) Class not present: net.minecraftforge.fml.common.Loader
[13:56:12] [main/INFO]: [OptiFine] Using legacy block aliases: flattening_ids.txt
[13:56:12] [main/INFO]: [OptiFine] Legacy block aliases: 2751
[13:56:12] [main/WARN]: [OptiFine] [Shaders] Invalid option: Nether_Fog, key: screen.FOG_SCREEN
[13:56:12] [main/WARN]: [OptiFine] [Shaders] Invalid option: nFogDensity, key: screen.FOG_SCREEN
[13:56:12] [main/WARN]: [OptiFine] [Shaders] Invalid option: <EMPTY>, key: screen.SKY_SCREEN
[13:56:12] [main/WARN]: [OptiFine] [Shaders] Invalid option: Godrays_Quality, key: screen.SKY_SCREEN
[13:56:12] [main/INFO]: [OptiFine] (Reflector) Class not present: net.minecraftforge.client.model.pipeline.LightUtil
[13:56:12] [VersionCheck/INFO]: [OptiFine] Checking for new version
[13:56:12] [main/INFO]: [OptiFine] (Reflector) Class not present: net.minecraftforge.client.ItemModelMesherForge
[13:56:12] [main/INFO]: [OptiFine] (Reflector) Class not present: net.minecraftforge.client.model.pipeline.ForgeBlockModelRenderer
[13:56:12] [main/INFO]: Narrator library for x64 successfully loaded
[13:56:13] [main/INFO]: [OptiFine] (Reflector) Class not present: net.minecraftforge.fml.client.gui.screen.ModListScreen
[13:56:13] [main/INFO]: [OptiFine] (Reflector) Class not present: net.minecraftforge.client.gui.NotificationModUpdateScreen
[13:56:13] [main/INFO]: Reloading ResourceManager: Default, Better+dogs+V1.11+-+Mrblueyeti.zip
[13:56:13] [main/INFO]: [OptiFine] *** Reloading textures ***
[13:56:13] [main/INFO]: [OptiFine] Resource packs: Better+dogs+V1.11+-+Mrblueyeti.zip
[13:56:13] [main/INFO]: [OptiFine] EmissiveTextures: Loading optifine/emissive.properties
[13:56:13] [VersionCheck/INFO]: [OptiFine] java.io.FileNotFoundException: http://optifine.net/version/1.16.4/HD_U.txt
[13:56:13] [main/INFO]: [OptiFine] (Reflector) Method not present: eab.canRenderInLayer
[13:56:13] [main/INFO]: [OptiFine] *** Reflector Forge ***
[13:56:13] [main/INFO]: [OptiFine] (Reflector) Class not present: mods.betterfoliage.client.BetterFoliageClient
[13:56:13] [main/INFO]: [OptiFine] (Reflector) Class not present: net.minecraftforge.fml.BrandingControl
[13:56:13] [main/INFO]: [OptiFine] (Reflector) Class not present: net.minecraftforge.common.capabilities.ICapabilityProvider
[13:56:13] [main/INFO]: [OptiFine] (Reflector) Class not present: net.minecraftforge.common.capabilities.CapabilityProvider
[13:56:13] [main/INFO]: [OptiFine] (Reflector) Class not present: net.minecraftforge.fml.client.ClientModLoader
[13:56:13] [main/INFO]: [OptiFine] (Reflector) Class not present: net.minecraftforge.event.world.ChunkDataEvent$Save
[13:56:13] [main/INFO]: [OptiFine] (Reflector) Class not present: net.minecraftforge.event.world.ChunkEvent$Load
[13:56:13] [main/INFO]: [OptiFine] (Reflector) Class not present: net.minecraftforge.event.world.ChunkEvent$Unload
[13:56:13] [main/INFO]: [OptiFine] (Reflector) Class not present: net.minecraftforge.fml.client.ClientHooks
[13:56:13] [main/INFO]: [OptiFine] (Reflector) Class not present: net.minecraftforge.client.event.GuiScreenEvent$DrawScreenEvent$Pre
[13:56:13] [main/INFO]: [OptiFine] (Reflector) Class not present: net.minecraftforge.client.event.GuiScreenEvent$DrawScreenEvent$Post
[13:56:13] [main/INFO]: [OptiFine] (Reflector) Class not present: net.minecraftforge.event.entity.EntityLeaveWorldEvent
[13:56:13] [main/INFO]: [OptiFine] (Reflector) Class not present: net.minecraftforge.client.event.EntityViewRenderEvent$CameraSetup
[13:56:13] [main/INFO]: [OptiFine] (Reflector) Class not present: net.minecraftforge.client.event.EntityViewRenderEvent$FogColors
[13:56:13] [main/INFO]: [OptiFine] (Reflector) Class not present: net.minecraftforge.client.event.EntityViewRenderEvent$RenderFogEvent
[13:56:13] [main/INFO]: [OptiFine] (Reflector) Class not present: net.minecraftforge.event.entity.EntityJoinWorldEvent
[13:56:13] [main/INFO]: [OptiFine] (Reflector) Method not present: net.minecraftforge.eventbus.api.Event.isCanceled
[13:56:13] [main/INFO]: [OptiFine] (Reflector) Method not present: net.minecraftforge.eventbus.api.Event.getResult
[13:56:13] [main/INFO]: [OptiFine] (Reflector) Class not present: net.minecraftforge.eventbus.api.IEventBus
[13:56:13] [main/INFO]: [OptiFine] (Reflector) Class not present: net.minecraftforge.common.extensions.IForgeBlock
[13:56:13] [main/INFO]: [OptiFine] (Reflector) Method not present: eaw.getTexture
[13:56:13] [main/INFO]: [OptiFine] (Reflector) Method not present: net.minecraftforge.common.extensions.IForgeBlockState.addDestroyEffects
[13:56:13] [main/INFO]: [OptiFine] (Reflector) Method not present: net.minecraftforge.common.extensions.IForgeBlockState.addHitEffects
[13:56:13] [main/INFO]: [OptiFine] (Reflector) Method not present: net.minecraftforge.common.extensions.IForgeBlockState.getLightValue
[13:56:13] [main/INFO]: [OptiFine] (Reflector) Method not present: net.minecraftforge.common.extensions.IForgeBlockState.getSoundType
[13:56:13] [main/INFO]: [OptiFine] (Reflector) Method not present: net.minecraftforge.common.extensions.IForgeBlockState.getStateAtViewpoint
[13:56:13] [main/INFO]: [OptiFine] (Reflector) Method not present: net.minecraftforge.common.extensions.IForgeBlockState.isAir
[13:56:13] [main/INFO]: [OptiFine] (Reflector) Method not present: net.minecraftforge.common.extensions.IForgeBlockState.shouldDisplayFluidOverlay
[13:56:13] [main/INFO]: [OptiFine] (Reflector) Class not present: net.minecraftforge.common.extensions.IForgeFluid
[13:56:13] [main/INFO]: [OptiFine] (Reflector) Class not present: net.minecraftforge.fluids.FluidAttributes
[13:56:13] [main/INFO]: [OptiFine] (Reflector) Method not present: aqe.getTags
[13:56:13] [main/INFO]: [OptiFine] (Reflector) Class not present: net.minecraftforge.event.ForgeEventFactory
[13:56:13] [Worker-Main-9/INFO]: [OptiFine] (Reflector) Class not present: net.minecraftforge.client.model.ModelLoaderRegistry
[13:56:13] [main/INFO]: [OptiFine] (Reflector) Method not present: cuw.getTags
[13:56:13] [Worker-Main-11/INFO]: [OptiFine] Multitexture: false
[13:56:13] [Worker-Main-13/INFO]: [OptiFine] Multitexture: false
[13:56:13] [Worker-Main-12/INFO]: [OptiFine] Multitexture: false
[13:56:13] [main/INFO]: [OptiFine] (Reflector) Class not present: net.minecraftforge.common.ForgeHooks
[13:56:13] [main/INFO]: [OptiFine] (Reflector) Class not present: net.minecraftforge.common.ForgeConfig
[13:56:13] [main/INFO]: [OptiFine] (Reflector) Class not present: net.minecraftforge.common.ForgeConfig$Client
[13:56:13] [main/INFO]: [OptiFine] (Reflector) Class not present: net.minecraftforge.common.ForgeConfigSpec
[13:56:13] [main/INFO]: [OptiFine] (Reflector) Class not present: net.minecraftforge.common.ForgeConfigSpec$ConfigValue
[13:56:13] [main/INFO]: [OptiFine] (Reflector) Method not present: cfw.getWorldForge
[13:56:13] [main/INFO]: [OptiFine] (Reflector) Class not present: net.minecraftforge.common.extensions.IForgeItem
[13:56:13] [main/INFO]: [OptiFine] (Reflector) Class not present: net.minecraftforge.common.extensions.IForgeItemStack
[13:56:13] [main/INFO]: [OptiFine] (Reflector) Class not present: net.minecraftforge.fml.ForgeI18n
[13:56:13] [main/INFO]: [OptiFine] (Reflector) Method not present: djw.setKeyConflictContext
[13:56:13] [main/INFO]: [OptiFine] (Reflector) Method not present: djw.setKeyModifierAndCode
[13:56:13] [main/INFO]: [OptiFine] (Reflector) Method not present: djw.getKeyModifier
[13:56:13] [main/INFO]: [OptiFine] (Reflector) Class not present: net.minecraftforge.common.extensions.IForgeEffectInstance
[13:56:13] [main/INFO]: [OptiFine] (Reflector) Class not present: net.minecraftforge.registries.ForgeRegistryEntry
[13:56:13] [main/INFO]: [OptiFine] (Reflector) Method not present: eab.canRenderInLayer
[13:56:13] [main/INFO]: [OptiFine] (Reflector) Class not present: net.minecraftforge.common.extensions.IForgeTileEntity
[13:56:13] [main/INFO]: [OptiFine] (Reflector) Method not present: dzv.getCloudRenderHandler
[13:56:13] [main/INFO]: [OptiFine] (Reflector) Method not present: dzv.getSkyRenderHandler
[13:56:13] [main/INFO]: [OptiFine] (Reflector) Method not present: dzv.getWeatherRenderHandler
[13:56:13] [main/INFO]: [OptiFine] (Reflector) Class not present: net.minecraftforge.client.IRenderHandler
[13:56:13] [main/INFO]: [OptiFine] (Reflector) Class not present: net.minecraftforge.common.MinecraftForge
[13:56:13] [main/INFO]: [OptiFine] (Reflector) Class not present: net.minecraftforge.client.MinecraftForgeClient
[13:56:13] [main/INFO]: [OptiFine] (Reflector) Class not present: net.minecraftforge.fml.common.ModContainer
[13:56:13] [main/INFO]: [OptiFine] (Reflector) Class not present: net.minecraftforge.event.entity.PlaySoundAtEntityEvent
[13:56:13] [main/INFO]: [OptiFine] (Reflector) Class not present: net.minecraftforge.client.event.RenderBlockOverlayEvent$OverlayType
[13:56:13] [main/INFO]: [OptiFine] (Reflector) Class not present: net.minecraftforge.fml.client.registry.RenderingRegistry
[13:56:13] [main/INFO]: [OptiFine] (Reflector) Class not present: net.minecraftforge.client.event.RenderItemInFrameEvent
[13:56:13] [main/INFO]: [OptiFine] (Reflector) Class not present: net.minecraftforge.client.event.RenderLivingEvent$Pre
[13:56:13] [main/INFO]: [OptiFine] (Reflector) Class not present: net.minecraftforge.client.event.RenderLivingEvent$Post
[13:56:13] [main/INFO]: [OptiFine] (Reflector) Class not present: net.minecraftforge.client.event.RenderNameplateEvent
[13:56:13] [main/INFO]: [OptiFine] (Reflector) Class not present: net.minecraftforge.client.event.ScreenshotEvent
[13:56:13] [main/INFO]: [OptiFine] (Reflector) Class not present: net.minecraftforge.fml.server.ServerLifecycleHooks
[13:56:13] [main/INFO]: [OptiFine] (Reflector) Class not present: net.minecraftforge.event.world.WorldEvent$Load
[13:56:13] [main/INFO]: [OptiFine] *** Reflector Vanilla ***
[13:56:14] [Worker-Main-9/INFO]: [OptiFine] Multitexture: false
[13:56:14] [Worker-Main-9/INFO]: [OptiFine] Multipass connected textures: false
[13:56:14] [Worker-Main-9/INFO]: [OptiFine] ConnectedTextures: optifine/ctm/default/00_glass_white/glass_pane_white.properties
[13:56:14] [Worker-Main-9/INFO]: [OptiFine] ConnectedTextures: optifine/ctm/default/00_glass_white/glass_white.properties
[13:56:14] [Worker-Main-9/INFO]: [OptiFine] ConnectedTextures: optifine/ctm/default/01_glass_orange/glass_orange.properties
[13:56:14] [Worker-Main-9/INFO]: [OptiFine] ConnectedTextures: optifine/ctm/default/01_glass_orange/glass_pane_orange.properties
[13:56:14] [Worker-Main-9/INFO]: [OptiFine] ConnectedTextures: optifine/ctm/default/02_glass_magenta/glass_magenta.properties
[13:56:14] [Worker-Main-9/INFO]: [OptiFine] ConnectedTextures: optifine/ctm/default/02_glass_magenta/glass_pane_magenta.properties
[13:56:14] [Worker-Main-9/INFO]: [OptiFine] ConnectedTextures: optifine/ctm/default/03_glass_light_blue/glass_light_blue.properties
[13:56:14] [Worker-Main-9/INFO]: [OptiFine] ConnectedTextures: optifine/ctm/default/03_glass_light_blue/glass_pane_light_blue.properties
[13:56:14] [Worker-Main-9/INFO]: [OptiFine] ConnectedTextures: optifine/ctm/default/04_glass_yellow/glass_pane_yellow.properties
[13:56:14] [Worker-Main-9/INFO]: [OptiFine] ConnectedTextures: optifine/ctm/default/04_glass_yellow/glass_yellow.properties
[13:56:14] [Worker-Main-9/INFO]: [OptiFine] ConnectedTextures: optifine/ctm/default/05_glass_lime/glass_lime.properties
[13:56:14] [Worker-Main-9/INFO]: [OptiFine] ConnectedTextures: optifine/ctm/default/05_glass_lime/glass_pane_lime.properties
[13:56:14] [Worker-Main-9/INFO]: [OptiFine] ConnectedTextures: optifine/ctm/default/06_glass_pink/glass_pane_pink.properties
[13:56:14] [Worker-Main-9/INFO]: [OptiFine] ConnectedTextures: optifine/ctm/default/06_glass_pink/glass_pink.properties
[13:56:14] [Worker-Main-9/INFO]: [OptiFine] ConnectedTextures: optifine/ctm/default/07_glass_gray/glass_gray.properties
[13:56:14] [Worker-Main-9/INFO]: [OptiFine] ConnectedTextures: optifine/ctm/default/07_glass_gray/glass_pane_gray.properties
[13:56:14] [Worker-Main-9/INFO]: [OptiFine] ConnectedTextures: optifine/ctm/default/08_glass_light_gray/glass_light_gray.properties
[13:56:14] [Worker-Main-9/INFO]: [OptiFine] ConnectedTextures: optifine/ctm/default/08_glass_light_gray/glass_pane_light_gray.properties
[13:56:14] [Worker-Main-9/INFO]: [OptiFine] ConnectedTextures: optifine/ctm/default/09_glass_cyan/glass_cyan.properties
[13:56:14] [Worker-Main-9/INFO]: [OptiFine] ConnectedTextures: optifine/ctm/default/09_glass_cyan/glass_pane_cyan.properties
[13:56:14] [Worker-Main-9/INFO]: [OptiFine] ConnectedTextures: optifine/ctm/default/10_glass_purple/glass_pane_purple.properties
[13:56:14] [Worker-Main-9/INFO]: [OptiFine] ConnectedTextures: optifine/ctm/default/10_glass_purple/glass_purple.properties
[13:56:14] [Worker-Main-9/INFO]: [OptiFine] ConnectedTextures: optifine/ctm/default/11_glass_blue/glass_blue.properties
[13:56:14] [Worker-Main-9/INFO]: [OptiFine] ConnectedTextures: optifine/ctm/default/11_glass_blue/glass_pane_blue.properties
[13:56:14] [Worker-Main-9/INFO]: [OptiFine] ConnectedTextures: optifine/ctm/default/12_glass_brown/glass_brown.properties
[13:56:14] [Worker-Main-9/INFO]: [OptiFine] ConnectedTextures: optifine/ctm/default/12_glass_brown/glass_pane_brown.properties
[13:56:14] [Worker-Main-9/INFO]: [OptiFine] ConnectedTextures: optifine/ctm/default/13_glass_green/glass_green.properties
[13:56:14] [Worker-Main-9/INFO]: [OptiFine] ConnectedTextures: optifine/ctm/default/13_glass_green/glass_pane_green.properties
[13:56:14] [Worker-Main-9/INFO]: [OptiFine] ConnectedTextures: optifine/ctm/default/14_glass_red/glass_pane_red.properties
[13:56:14] [Worker-Main-9/INFO]: [OptiFine] ConnectedTextures: optifine/ctm/default/14_glass_red/glass_red.properties
[13:56:14] [Worker-Main-9/INFO]: [OptiFine] ConnectedTextures: optifine/ctm/default/15_glass_black/glass_black.properties
[13:56:14] [Worker-Main-9/INFO]: [OptiFine] ConnectedTextures: optifine/ctm/default/15_glass_black/glass_pane_black.properties
[13:56:14] [Worker-Main-9/INFO]: [OptiFine] ConnectedTextures: optifine/ctm/default/20_glass/glass.properties
[13:56:14] [Worker-Main-9/INFO]: [OptiFine] ConnectedTextures: optifine/ctm/default/20_glass/glass_pane.properties
[13:56:14] [Worker-Main-9/INFO]: [OptiFine] ConnectedTextures: optifine/ctm/default/30_bookshelf/bookshelf.properties
[13:56:14] [Worker-Main-9/INFO]: [OptiFine] ConnectedTextures: optifine/ctm/default/40_sandstone/sandstone.properties
[13:56:14] [Worker-Main-9/INFO]: [OptiFine] ConnectedTextures: optifine/ctm/default/41_red_sandstone/red_sandstone.properties
[13:56:14] [Worker-Main-9/INFO]: [OptiFine] Multipass connected textures: false
[13:56:14] [Worker-Main-9/INFO]: [OptiFine] BetterGrass: Parsing default configuration optifine/bettergrass.properties
[13:56:16] [Worker-Main-9/INFO]: [OptiFine] Mipmap levels: 4
[13:56:16] [Worker-Main-9/INFO]: [OptiFine] Multitexture: false
[13:56:16] [Worker-Main-9/INFO]: [OptiFine] Sprite size: 64
[13:56:16] [Worker-Main-9/INFO]: [OptiFine] Mipmap levels: 6
[13:56:16] [Worker-Main-9/INFO]: [OptiFine] Multitexture: false
[13:56:16] [Worker-Main-9/INFO]: [OptiFine] Sprite size: 64
[13:56:16] [Worker-Main-9/INFO]: [OptiFine] Mipmap levels: 6
[13:56:16] [Worker-Main-9/INFO]: [OptiFine] Multitexture: false
[13:56:16] [Worker-Main-9/INFO]: [OptiFine] Sprite size: 64
[13:56:16] [Worker-Main-9/INFO]: [OptiFine] Mipmap levels: 6
[13:56:16] [Worker-Main-9/INFO]: [OptiFine] Multitexture: false
[13:56:16] [Worker-Main-9/INFO]: [OptiFine] Sprite size: 64
[13:56:16] [Worker-Main-9/INFO]: [OptiFine] Mipmap levels: 6
[13:56:16] [Worker-Main-9/INFO]: [OptiFine] Multitexture: false
[13:56:16] [Worker-Main-9/INFO]: [OptiFine] Sprite size: 64
[13:56:16] [Worker-Main-9/INFO]: [OptiFine] Mipmap levels: 6
[13:56:16] [Worker-Main-9/INFO]: [OptiFine] Multitexture: false
[13:56:16] [Worker-Main-9/INFO]: [OptiFine] Sprite size: 64
[13:56:16] [Worker-Main-9/INFO]: [OptiFine] Mipmap levels: 6
[13:56:16] [main/INFO]: OpenAL initialized.
[13:56:16] [main/INFO]: Sound engine started
[13:56:17] [main/INFO]: Created: 1024x512x4 minecraft:textures/atlas/blocks.png-atlas
[13:56:17] [main/INFO]: [Shaders] Allocate texture map normal: 1024x512, mipmaps: 4
[13:56:17] [main/INFO]: [Shaders] Allocate texture map specular: 1024x512, mipmaps: 4
[13:56:17] [main/INFO]: [OptiFine] Animated sprites: 43
[13:56:17] [main/INFO]: Created: 256x128x4 minecraft:textures/atlas/signs.png-atlas
[13:56:17] [main/INFO]: [Shaders] Allocate texture map normal: 256x128, mipmaps: 4
[13:56:17] [main/INFO]: [Shaders] Allocate texture map specular: 256x128, mipmaps: 4
[13:56:17] [main/INFO]: [OptiFine] Animated sprites: 0
[13:56:17] [main/INFO]: Created: 512x512x4 minecraft:textures/atlas/banner_patterns.png-atlas
[13:56:17] [main/INFO]: [Shaders] Allocate texture map normal: 512x512, mipmaps: 4
[13:56:17] [main/INFO]: [Shaders] Allocate texture map specular: 512x512, mipmaps: 4
[13:56:17] [main/INFO]: [OptiFine] Animated sprites: 0
[13:56:17] [main/INFO]: Created: 512x512x4 minecraft:textures/atlas/shield_patterns.png-atlas
[13:56:17] [main/INFO]: [Shaders] Allocate texture map normal: 512x512, mipmaps: 4
[13:56:17] [main/INFO]: [Shaders] Allocate texture map specular: 512x512, mipmaps: 4
[13:56:17] [main/INFO]: [OptiFine] Animated sprites: 0
[13:56:17] [main/INFO]: Created: 256x256x4 minecraft:textures/atlas/chest.png-atlas
[13:56:17] [main/INFO]: [Shaders] Allocate texture map normal: 256x256, mipmaps: 4
[13:56:17] [main/INFO]: [Shaders] Allocate texture map specular: 256x256, mipmaps: 4
[13:56:17] [main/INFO]: [OptiFine] Animated sprites: 0
[13:56:17] [main/INFO]: Created: 512x256x4 minecraft:textures/atlas/beds.png-atlas
[13:56:17] [main/INFO]: [Shaders] Allocate texture map normal: 512x256, mipmaps: 4
[13:56:17] [main/INFO]: [Shaders] Allocate texture map specular: 512x256, mipmaps: 4
[13:56:17] [main/INFO]: [OptiFine] Animated sprites: 0
[13:56:17] [main/INFO]: Created: 512x256x4 minecraft:textures/atlas/shulker_boxes.png-atlas
[13:56:17] [main/INFO]: [Shaders] Allocate texture map normal: 512x256, mipmaps: 4
[13:56:17] [main/INFO]: [Shaders] Allocate texture map specular: 512x256, mipmaps: 4
[13:56:17] [main/INFO]: [OptiFine] Animated sprites: 0
[13:56:17] [main/INFO]: Created: 256x256x0 minecraft:textures/atlas/particles.png-atlas
[13:56:17] [main/INFO]: [Shaders] Allocate texture map normal: 256x256, mipmaps: 0
[13:56:17] [main/INFO]: [Shaders] Allocate texture map specular: 256x256, mipmaps: 0
[13:56:17] [main/INFO]: [OptiFine] Animated sprites: 0
[13:56:17] [main/INFO]: Created: 256x256x0 minecraft:textures/atlas/paintings.png-atlas
[13:56:17] [main/INFO]: [Shaders] Allocate texture map normal: 256x256, mipmaps: 0
[13:56:17] [main/INFO]: [Shaders] Allocate texture map specular: 256x256, mipmaps: 0
[13:56:17] [main/INFO]: [OptiFine] Animated sprites: 0
[13:56:17] [main/INFO]: Created: 128x128x0 minecraft:textures/atlas/mob_effects.png-atlas
[13:56:17] [main/INFO]: [Shaders] Allocate texture map normal: 128x128, mipmaps: 0
[13:56:17] [main/INFO]: [Shaders] Allocate texture map specular: 128x128, mipmaps: 0
[13:56:17] [main/INFO]: [OptiFine] Animated sprites: 0
[13:56:17] [main/INFO]: [OptiFine] *** Reloading custom textures ***
[13:56:17] [main/INFO]: [OptiFine] Natural Textures: Parsing default configuration "optifine/natural.properties"
[13:56:17] [main/INFO]: [OptiFine] Natural Textures: Valid only for textures from default resource pack
[13:56:17] [main/INFO]: [OptiFine] NaturalTextures: 54
[13:56:17] [main/INFO]: [OptiFine] RandomEntities: textures/entity/wolf/wolf_tame.png, properties: optifine/mob/wolf/wolf_tame.properties
[13:56:18] [main/WARN]: [OptiFine] Less weights defined than skins, expanding weights: optifine/mob/wolf/wolf_tame.properties
[13:56:18] [main/WARN]: [OptiFine] Less weights defined than skins, expanding weights: optifine/mob/wolf/wolf_tame.properties
[13:56:18] [main/WARN]: [OptiFine] Less weights defined than skins, expanding weights: optifine/mob/wolf/wolf_tame.properties
[13:56:18] [main/WARN]: [OptiFine] More weights defined than skins, trimming weights: optifine/mob/wolf/wolf_tame.properties
[13:56:18] [main/INFO]: [OptiFine] RandomEntities: textures/entity/wolf/wolf.png, variants: 5
[13:56:18] [main/INFO]: [OptiFine] RandomEntities: textures/entity/wolf/wolf_angry.png, variants: 5
[13:56:18] [main/INFO]: [OptiFine] CustomEntityModel: optifine/cem/wolf.jem
[13:56:18] [main/INFO]: [OptiFine] Disable Forge light pipeline
[14:02:31] [main/INFO]: Connecting to play.hivemc.net, 25565
